<?xml version="1.0" encoding="UTF-8"?>
<!-- Generated by org.testng.reporters.JUnitReportReporter -->
<testsuite hostname="AABSRIVA-LAP" name="CreateAccountAutomate" tests="3" failures="0" timestamp="6 Aug 2014 05:10:16 GMT" time="53.025" errors="0">
  <testcase name="testA_registerNewUser" time="52.004" classname="CreateAccountAutomate"/>
  <testcase name="testC_LoginAgain" time="1.019" classname="CreateAccountAutomate"/>
  <testcase name="testB_Logout" time="0.002" classname="CreateAccountAutomate"/>
</testsuite> <!-- CreateAccountAutomate -->
